MyWardrobe/app/build/intermediates/manifest_merge_blame_file/debug/manifest-merger-blame-debug-report.txt
1<?xml version="1.0" encoding="utf-8"?>
2<manifest xmlns:android="http://schemas.android.com/apk/res/android"
3    package="com.example.mywardrobe"
4    android:versionCode="1"
5    android:versionName="1.0" >
6
7    <uses-sdk
8        android:minSdkVersion="21"
8-->src\main\AndroidManifest.xml
9        android:targetSdkVersion="29" />
9-->src\main\AndroidManifest.xml
10
11    <uses-feature
11-->src\main\AndroidManifest.xml:6:5-8:36
12        android:name="android.hardware.touchscreen"
12-->src\main\AndroidManifest.xml:7:9-52
13        android:required="false" />
13-->src\main\AndroidManifest.xml:8:9-33
14    <uses-feature
14-->src\main\AndroidManifest.xml:9:5-11:35
15        android:name="android.software.leanback"
15-->src\main\AndroidManifest.xml:10:9-49
16        android:required="true" />
16-->src\main\AndroidManifest.xml:11:9-32
17
18    <application
18-->src\main\AndroidManifest.xml:13:5-35:19
19        android:allowBackup="true"
19-->src\main\AndroidManifest.xml:14:9-35
20        android:appComponentFactory="androidx.core.app.CoreComponentFactory"
20-->[androidx.core:core:1.0.1] AndroidManifest.xml:22:18-86
21        android:debuggable="true"
22        android:icon="@mipmap/ic_launcher"
22-->src\main\AndroidManifest.xml:15:9-43
23        android:label="@string/app_name"
23-->src\main\AndroidManifest.xml:16:9-41
24        android:supportsRtl="true"
24-->src\main\AndroidManifest.xml:17:9-35
25        android:theme="@style/AppTheme" >
25-->src\main\AndroidManifest.xml:18:9-40
26        <activity
26-->src\main\AndroidManifest.xml:19:9-31:20
27            android:name="com.example.mywardrobe.MainActivity"
27-->src\main\AndroidManifest.xml:20:13-41
28            android:banner="@drawable/app_icon_your_company"
28-->src\main\AndroidManifest.xml:21:13-61
29            android:icon="@drawable/app_icon_your_company"
29-->src\main\AndroidManifest.xml:22:13-59
30            android:label="@string/app_name"
30-->src\main\AndroidManifest.xml:23:13-45
31            android:logo="@drawable/app_icon_your_company"
31-->src\main\AndroidManifest.xml:24:13-59
32            android:screenOrientation="landscape" >
32-->src\main\AndroidManifest.xml:25:13-50
33            <intent-filter>
33-->src\main\AndroidManifest.xml:26:13-30:29
34                <action android:name="android.intent.action.MAIN" />
34-->src\main\AndroidManifest.xml:27:17-69
34-->src\main\AndroidManifest.xml:27:25-66
35
36                <category android:name="android.intent.category.LEANBACK_LAUNCHER" />
36-->src\main\AndroidManifest.xml:29:17-86
36-->src\main\AndroidManifest.xml:29:27-83
37            </intent-filter>
38        </activity>
39        <activity android:name="com.example.mywardrobe.DetailsActivity" />
39-->src\main\AndroidManifest.xml:32:9-53
39-->src\main\AndroidManifest.xml:32:19-50
40        <activity android:name="com.example.mywardrobe.PlaybackActivity" />
40-->src\main\AndroidManifest.xml:33:9-54
40-->src\main\AndroidManifest.xml:33:19-51
41        <activity android:name="com.example.mywardrobe.BrowseErrorActivity" />
41-->src\main\AndroidManifest.xml:34:9-57
41-->src\main\AndroidManifest.xml:34:19-54
42    </application>
43
44</manifest>